C:\USERS\ADMINISTRATOR\DESKTOP\QUANT\BANDANDTRIGGER-SERVER\BANDANDTRIGGER\DEBUG\BANDANDTRIGGERSIZE.OBJ
C:\USERS\ADMINISTRATOR\DESKTOP\QUANT\BANDANDTRIGGER-SERVER\BANDANDTRIGGER\DEBUG\BASICFUN.OBJ
C:\USERS\ADMINISTRATOR\DESKTOP\QUANT\BANDANDTRIGGER-SERVER\BANDANDTRIGGER\DEBUG\MAIN.OBJ
C:\USERS\ADMINISTRATOR\DESKTOP\QUANT\BANDANDTRIGGER-SERVER\BANDANDTRIGGER\DEBUG\VC110.PDB
C:\USERS\ADMINISTRATOR\DESKTOP\QUANT\BANDANDTRIGGER-SERVER\BANDANDTRIGGER\DEBUG\BANDANDTRIGGERSIZEFUN.OBJ
C:\USERS\ADMINISTRATOR\DESKTOP\QUANT\BANDANDTRIGGER-SERVER\DEBUG\BANDANDTRIGGER.ILK
C:\USERS\ADMINISTRATOR\DESKTOP\QUANT\BANDANDTRIGGER-SERVER\DEBUG\BANDANDTRIGGER.EXE
C:\USERS\ADMINISTRATOR\DESKTOP\QUANT\BANDANDTRIGGER-SERVER\DEBUG\BANDANDTRIGGER.PDB
C:\Users\Administrator\Desktop\quant\bandandtrigger-server\bandandtrigger\Debug\band.obj
C:\Users\Administrator\Desktop\quant\bandandtrigger-server\bandandtrigger\Debug\BandAndTriggerSize.obj
C:\Users\Administrator\Desktop\quant\bandandtrigger-server\bandandtrigger\Debug\BandAndTriggerSizeFun.obj
C:\Users\Administrator\Desktop\quant\bandandtrigger-server\bandandtrigger\Debug\BasicFun.obj
C:\Users\Administrator\Desktop\quant\bandandtrigger-server\bandandtrigger\Debug\main.obj
C:\Users\Administrator\Desktop\quant\bandandtrigger-server\bandandtrigger\Debug\cl.command.1.tlog
C:\Users\Administrator\Desktop\quant\bandandtrigger-server\bandandtrigger\Debug\CL.read.1.tlog
C:\Users\Administrator\Desktop\quant\bandandtrigger-server\bandandtrigger\Debug\CL.write.1.tlog
C:\Users\Administrator\Desktop\quant\bandandtrigger-server\bandandtrigger\Debug\link-cvtres.read.1.tlog
C:\Users\Administrator\Desktop\quant\bandandtrigger-server\bandandtrigger\Debug\link-cvtres.write.1.tlog
C:\Users\Administrator\Desktop\quant\bandandtrigger-server\bandandtrigger\Debug\link-rc.read.1.tlog
C:\Users\Administrator\Desktop\quant\bandandtrigger-server\bandandtrigger\Debug\link-rc.write.1.tlog
C:\Users\Administrator\Desktop\quant\bandandtrigger-server\bandandtrigger\Debug\link.1552-cvtres.read.1.tlog
C:\Users\Administrator\Desktop\quant\bandandtrigger-server\bandandtrigger\Debug\link.1552-cvtres.write.1.tlog
C:\Users\Administrator\Desktop\quant\bandandtrigger-server\bandandtrigger\Debug\link.1552-rc.read.1.tlog
C:\Users\Administrator\Desktop\quant\bandandtrigger-server\bandandtrigger\Debug\link.1552-rc.write.1.tlog
C:\Users\Administrator\Desktop\quant\bandandtrigger-server\bandandtrigger\Debug\link.1552.read.1.tlog
C:\Users\Administrator\Desktop\quant\bandandtrigger-server\bandandtrigger\Debug\link.1552.write.1.tlog
C:\Users\Administrator\Desktop\quant\bandandtrigger-server\bandandtrigger\Debug\link.2072-cvtres.read.1.tlog
C:\Users\Administrator\Desktop\quant\bandandtrigger-server\bandandtrigger\Debug\link.2072-cvtres.write.1.tlog
C:\Users\Administrator\Desktop\quant\bandandtrigger-server\bandandtrigger\Debug\link.2072-rc.read.1.tlog
C:\Users\Administrator\Desktop\quant\bandandtrigger-server\bandandtrigger\Debug\link.2072-rc.write.1.tlog
C:\Users\Administrator\Desktop\quant\bandandtrigger-server\bandandtrigger\Debug\link.2072.read.1.tlog
C:\Users\Administrator\Desktop\quant\bandandtrigger-server\bandandtrigger\Debug\link.2072.write.1.tlog
C:\Users\Administrator\Desktop\quant\bandandtrigger-server\bandandtrigger\Debug\link.2152-cvtres.read.1.tlog
C:\Users\Administrator\Desktop\quant\bandandtrigger-server\bandandtrigger\Debug\link.2152-cvtres.write.1.tlog
C:\Users\Administrator\Desktop\quant\bandandtrigger-server\bandandtrigger\Debug\link.2152-rc.read.1.tlog
C:\Users\Administrator\Desktop\quant\bandandtrigger-server\bandandtrigger\Debug\link.2152-rc.write.1.tlog
C:\Users\Administrator\Desktop\quant\bandandtrigger-server\bandandtrigger\Debug\link.2152.read.1.tlog
C:\Users\Administrator\Desktop\quant\bandandtrigger-server\bandandtrigger\Debug\link.2152.write.1.tlog
C:\Users\Administrator\Desktop\quant\bandandtrigger-server\bandandtrigger\Debug\link.2516-cvtres.read.1.tlog
C:\Users\Administrator\Desktop\quant\bandandtrigger-server\bandandtrigger\Debug\link.2516-cvtres.write.1.tlog
C:\Users\Administrator\Desktop\quant\bandandtrigger-server\bandandtrigger\Debug\link.2516-rc.read.1.tlog
C:\Users\Administrator\Desktop\quant\bandandtrigger-server\bandandtrigger\Debug\link.2516-rc.write.1.tlog
C:\Users\Administrator\Desktop\quant\bandandtrigger-server\bandandtrigger\Debug\link.2516.read.1.tlog
C:\Users\Administrator\Desktop\quant\bandandtrigger-server\bandandtrigger\Debug\link.2516.write.1.tlog
C:\Users\Administrator\Desktop\quant\bandandtrigger-server\bandandtrigger\Debug\link.2708-cvtres.read.1.tlog
C:\Users\Administrator\Desktop\quant\bandandtrigger-server\bandandtrigger\Debug\link.2708-cvtres.write.1.tlog
C:\Users\Administrator\Desktop\quant\bandandtrigger-server\bandandtrigger\Debug\link.2708-rc.read.1.tlog
C:\Users\Administrator\Desktop\quant\bandandtrigger-server\bandandtrigger\Debug\link.2708-rc.write.1.tlog
C:\Users\Administrator\Desktop\quant\bandandtrigger-server\bandandtrigger\Debug\link.2708.read.1.tlog
C:\Users\Administrator\Desktop\quant\bandandtrigger-server\bandandtrigger\Debug\link.2708.write.1.tlog
C:\Users\Administrator\Desktop\quant\bandandtrigger-server\bandandtrigger\Debug\link.2824-cvtres.read.1.tlog
C:\Users\Administrator\Desktop\quant\bandandtrigger-server\bandandtrigger\Debug\link.2824-cvtres.write.1.tlog
C:\Users\Administrator\Desktop\quant\bandandtrigger-server\bandandtrigger\Debug\link.2824-rc.read.1.tlog
C:\Users\Administrator\Desktop\quant\bandandtrigger-server\bandandtrigger\Debug\link.2824-rc.write.1.tlog
C:\Users\Administrator\Desktop\quant\bandandtrigger-server\bandandtrigger\Debug\link.2824.read.1.tlog
C:\Users\Administrator\Desktop\quant\bandandtrigger-server\bandandtrigger\Debug\link.2824.write.1.tlog
C:\Users\Administrator\Desktop\quant\bandandtrigger-server\bandandtrigger\Debug\link.2932-cvtres.read.1.tlog
C:\Users\Administrator\Desktop\quant\bandandtrigger-server\bandandtrigger\Debug\link.2932-cvtres.write.1.tlog
C:\Users\Administrator\Desktop\quant\bandandtrigger-server\bandandtrigger\Debug\link.2932-rc.read.1.tlog
C:\Users\Administrator\Desktop\quant\bandandtrigger-server\bandandtrigger\Debug\link.2932-rc.write.1.tlog
C:\Users\Administrator\Desktop\quant\bandandtrigger-server\bandandtrigger\Debug\link.2932.read.1.tlog
C:\Users\Administrator\Desktop\quant\bandandtrigger-server\bandandtrigger\Debug\link.2932.write.1.tlog
C:\Users\Administrator\Desktop\quant\bandandtrigger-server\bandandtrigger\Debug\link.2984-cvtres.read.1.tlog
C:\Users\Administrator\Desktop\quant\bandandtrigger-server\bandandtrigger\Debug\link.2984-cvtres.write.1.tlog
C:\Users\Administrator\Desktop\quant\bandandtrigger-server\bandandtrigger\Debug\link.2984-rc.read.1.tlog
C:\Users\Administrator\Desktop\quant\bandandtrigger-server\bandandtrigger\Debug\link.2984-rc.write.1.tlog
C:\Users\Administrator\Desktop\quant\bandandtrigger-server\bandandtrigger\Debug\link.2984.read.1.tlog
C:\Users\Administrator\Desktop\quant\bandandtrigger-server\bandandtrigger\Debug\link.2984.write.1.tlog
C:\Users\Administrator\Desktop\quant\bandandtrigger-server\bandandtrigger\Debug\link.3296-cvtres.read.1.tlog
C:\Users\Administrator\Desktop\quant\bandandtrigger-server\bandandtrigger\Debug\link.3296-cvtres.write.1.tlog
C:\Users\Administrator\Desktop\quant\bandandtrigger-server\bandandtrigger\Debug\link.3296-rc.read.1.tlog
C:\Users\Administrator\Desktop\quant\bandandtrigger-server\bandandtrigger\Debug\link.3296-rc.write.1.tlog
C:\Users\Administrator\Desktop\quant\bandandtrigger-server\bandandtrigger\Debug\link.3296.read.1.tlog
C:\Users\Administrator\Desktop\quant\bandandtrigger-server\bandandtrigger\Debug\link.3296.write.1.tlog
C:\Users\Administrator\Desktop\quant\bandandtrigger-server\bandandtrigger\Debug\link.3508-cvtres.read.1.tlog
C:\Users\Administrator\Desktop\quant\bandandtrigger-server\bandandtrigger\Debug\link.3508-cvtres.write.1.tlog
C:\Users\Administrator\Desktop\quant\bandandtrigger-server\bandandtrigger\Debug\link.3508-rc.read.1.tlog
C:\Users\Administrator\Desktop\quant\bandandtrigger-server\bandandtrigger\Debug\link.3508-rc.write.1.tlog
C:\Users\Administrator\Desktop\quant\bandandtrigger-server\bandandtrigger\Debug\link.3508.read.1.tlog
C:\Users\Administrator\Desktop\quant\bandandtrigger-server\bandandtrigger\Debug\link.3508.write.1.tlog
C:\Users\Administrator\Desktop\quant\bandandtrigger-server\bandandtrigger\Debug\link.3784-cvtres.read.1.tlog
C:\Users\Administrator\Desktop\quant\bandandtrigger-server\bandandtrigger\Debug\link.3784-cvtres.write.1.tlog
C:\Users\Administrator\Desktop\quant\bandandtrigger-server\bandandtrigger\Debug\link.3784-rc.read.1.tlog
C:\Users\Administrator\Desktop\quant\bandandtrigger-server\bandandtrigger\Debug\link.3784-rc.write.1.tlog
C:\Users\Administrator\Desktop\quant\bandandtrigger-server\bandandtrigger\Debug\link.3784.read.1.tlog
C:\Users\Administrator\Desktop\quant\bandandtrigger-server\bandandtrigger\Debug\link.3784.write.1.tlog
C:\Users\Administrator\Desktop\quant\bandandtrigger-server\bandandtrigger\Debug\link.3916-cvtres.read.1.tlog
C:\Users\Administrator\Desktop\quant\bandandtrigger-server\bandandtrigger\Debug\link.3916-cvtres.write.1.tlog
C:\Users\Administrator\Desktop\quant\bandandtrigger-server\bandandtrigger\Debug\link.3916-rc.read.1.tlog
C:\Users\Administrator\Desktop\quant\bandandtrigger-server\bandandtrigger\Debug\link.3916-rc.write.1.tlog
C:\Users\Administrator\Desktop\quant\bandandtrigger-server\bandandtrigger\Debug\link.3916.read.1.tlog
C:\Users\Administrator\Desktop\quant\bandandtrigger-server\bandandtrigger\Debug\link.3916.write.1.tlog
C:\Users\Administrator\Desktop\quant\bandandtrigger-server\bandandtrigger\Debug\link.3972-cvtres.read.1.tlog
C:\Users\Administrator\Desktop\quant\bandandtrigger-server\bandandtrigger\Debug\link.3972-cvtres.write.1.tlog
C:\Users\Administrator\Desktop\quant\bandandtrigger-server\bandandtrigger\Debug\link.3972-rc.read.1.tlog
C:\Users\Administrator\Desktop\quant\bandandtrigger-server\bandandtrigger\Debug\link.3972-rc.write.1.tlog
C:\Users\Administrator\Desktop\quant\bandandtrigger-server\bandandtrigger\Debug\link.3972.read.1.tlog
C:\Users\Administrator\Desktop\quant\bandandtrigger-server\bandandtrigger\Debug\link.3972.write.1.tlog
C:\Users\Administrator\Desktop\quant\bandandtrigger-server\bandandtrigger\Debug\link.3984-cvtres.read.1.tlog
C:\Users\Administrator\Desktop\quant\bandandtrigger-server\bandandtrigger\Debug\link.3984-cvtres.write.1.tlog
C:\Users\Administrator\Desktop\quant\bandandtrigger-server\bandandtrigger\Debug\link.3984-rc.read.1.tlog
C:\Users\Administrator\Desktop\quant\bandandtrigger-server\bandandtrigger\Debug\link.3984-rc.write.1.tlog
C:\Users\Administrator\Desktop\quant\bandandtrigger-server\bandandtrigger\Debug\link.3984.read.1.tlog
C:\Users\Administrator\Desktop\quant\bandandtrigger-server\bandandtrigger\Debug\link.3984.write.1.tlog
C:\Users\Administrator\Desktop\quant\bandandtrigger-server\bandandtrigger\Debug\link.4004-cvtres.read.1.tlog
C:\Users\Administrator\Desktop\quant\bandandtrigger-server\bandandtrigger\Debug\link.4004-cvtres.write.1.tlog
C:\Users\Administrator\Desktop\quant\bandandtrigger-server\bandandtrigger\Debug\link.4004-rc.read.1.tlog
C:\Users\Administrator\Desktop\quant\bandandtrigger-server\bandandtrigger\Debug\link.4004-rc.write.1.tlog
C:\Users\Administrator\Desktop\quant\bandandtrigger-server\bandandtrigger\Debug\link.4004.read.1.tlog
C:\Users\Administrator\Desktop\quant\bandandtrigger-server\bandandtrigger\Debug\link.4004.write.1.tlog
C:\Users\Administrator\Desktop\quant\bandandtrigger-server\bandandtrigger\Debug\link.4020-cvtres.read.1.tlog
C:\Users\Administrator\Desktop\quant\bandandtrigger-server\bandandtrigger\Debug\link.4020-cvtres.write.1.tlog
C:\Users\Administrator\Desktop\quant\bandandtrigger-server\bandandtrigger\Debug\link.4020-rc.read.1.tlog
C:\Users\Administrator\Desktop\quant\bandandtrigger-server\bandandtrigger\Debug\link.4020-rc.write.1.tlog
C:\Users\Administrator\Desktop\quant\bandandtrigger-server\bandandtrigger\Debug\link.4020.read.1.tlog
C:\Users\Administrator\Desktop\quant\bandandtrigger-server\bandandtrigger\Debug\link.4020.write.1.tlog
C:\Users\Administrator\Desktop\quant\bandandtrigger-server\bandandtrigger\Debug\link.4100-cvtres.read.1.tlog
C:\Users\Administrator\Desktop\quant\bandandtrigger-server\bandandtrigger\Debug\link.4100-cvtres.write.1.tlog
C:\Users\Administrator\Desktop\quant\bandandtrigger-server\bandandtrigger\Debug\link.4100-rc.read.1.tlog
C:\Users\Administrator\Desktop\quant\bandandtrigger-server\bandandtrigger\Debug\link.4100-rc.write.1.tlog
C:\Users\Administrator\Desktop\quant\bandandtrigger-server\bandandtrigger\Debug\link.4100.read.1.tlog
C:\Users\Administrator\Desktop\quant\bandandtrigger-server\bandandtrigger\Debug\link.4100.write.1.tlog
C:\Users\Administrator\Desktop\quant\bandandtrigger-server\bandandtrigger\Debug\link.4108-cvtres.read.1.tlog
C:\Users\Administrator\Desktop\quant\bandandtrigger-server\bandandtrigger\Debug\link.4108-cvtres.write.1.tlog
C:\Users\Administrator\Desktop\quant\bandandtrigger-server\bandandtrigger\Debug\link.4108-rc.read.1.tlog
C:\Users\Administrator\Desktop\quant\bandandtrigger-server\bandandtrigger\Debug\link.4108-rc.write.1.tlog
C:\Users\Administrator\Desktop\quant\bandandtrigger-server\bandandtrigger\Debug\link.4108.read.1.tlog
C:\Users\Administrator\Desktop\quant\bandandtrigger-server\bandandtrigger\Debug\link.4108.write.1.tlog
C:\Users\Administrator\Desktop\quant\bandandtrigger-server\bandandtrigger\Debug\link.4112-cvtres.read.1.tlog
C:\Users\Administrator\Desktop\quant\bandandtrigger-server\bandandtrigger\Debug\link.4112-cvtres.write.1.tlog
C:\Users\Administrator\Desktop\quant\bandandtrigger-server\bandandtrigger\Debug\link.4112-rc.read.1.tlog
C:\Users\Administrator\Desktop\quant\bandandtrigger-server\bandandtrigger\Debug\link.4112-rc.write.1.tlog
C:\Users\Administrator\Desktop\quant\bandandtrigger-server\bandandtrigger\Debug\link.4112.read.1.tlog
C:\Users\Administrator\Desktop\quant\bandandtrigger-server\bandandtrigger\Debug\link.4112.write.1.tlog
C:\Users\Administrator\Desktop\quant\bandandtrigger-server\bandandtrigger\Debug\link.4164-cvtres.read.1.tlog
C:\Users\Administrator\Desktop\quant\bandandtrigger-server\bandandtrigger\Debug\link.4164-cvtres.write.1.tlog
C:\Users\Administrator\Desktop\quant\bandandtrigger-server\bandandtrigger\Debug\link.4164-rc.read.1.tlog
C:\Users\Administrator\Desktop\quant\bandandtrigger-server\bandandtrigger\Debug\link.4164-rc.write.1.tlog
C:\Users\Administrator\Desktop\quant\bandandtrigger-server\bandandtrigger\Debug\link.4164.read.1.tlog
C:\Users\Administrator\Desktop\quant\bandandtrigger-server\bandandtrigger\Debug\link.4164.write.1.tlog
C:\Users\Administrator\Desktop\quant\bandandtrigger-server\bandandtrigger\Debug\link.4208-cvtres.read.1.tlog
C:\Users\Administrator\Desktop\quant\bandandtrigger-server\bandandtrigger\Debug\link.4208-cvtres.write.1.tlog
C:\Users\Administrator\Desktop\quant\bandandtrigger-server\bandandtrigger\Debug\link.4208-rc.read.1.tlog
C:\Users\Administrator\Desktop\quant\bandandtrigger-server\bandandtrigger\Debug\link.4208-rc.write.1.tlog
C:\Users\Administrator\Desktop\quant\bandandtrigger-server\bandandtrigger\Debug\link.4208.read.1.tlog
C:\Users\Administrator\Desktop\quant\bandandtrigger-server\bandandtrigger\Debug\link.4208.write.1.tlog
C:\Users\Administrator\Desktop\quant\bandandtrigger-server\bandandtrigger\Debug\link.4256-cvtres.read.1.tlog
C:\Users\Administrator\Desktop\quant\bandandtrigger-server\bandandtrigger\Debug\link.4256-cvtres.write.1.tlog
C:\Users\Administrator\Desktop\quant\bandandtrigger-server\bandandtrigger\Debug\link.4256-rc.read.1.tlog
C:\Users\Administrator\Desktop\quant\bandandtrigger-server\bandandtrigger\Debug\link.4256-rc.write.1.tlog
C:\Users\Administrator\Desktop\quant\bandandtrigger-server\bandandtrigger\Debug\link.4256.read.1.tlog
C:\Users\Administrator\Desktop\quant\bandandtrigger-server\bandandtrigger\Debug\link.4256.write.1.tlog
C:\Users\Administrator\Desktop\quant\bandandtrigger-server\bandandtrigger\Debug\link.4324-cvtres.read.1.tlog
C:\Users\Administrator\Desktop\quant\bandandtrigger-server\bandandtrigger\Debug\link.4324-cvtres.write.1.tlog
C:\Users\Administrator\Desktop\quant\bandandtrigger-server\bandandtrigger\Debug\link.4324-rc.read.1.tlog
C:\Users\Administrator\Desktop\quant\bandandtrigger-server\bandandtrigger\Debug\link.4324-rc.write.1.tlog
C:\Users\Administrator\Desktop\quant\bandandtrigger-server\bandandtrigger\Debug\link.4324.read.1.tlog
C:\Users\Administrator\Desktop\quant\bandandtrigger-server\bandandtrigger\Debug\link.4324.write.1.tlog
C:\Users\Administrator\Desktop\quant\bandandtrigger-server\bandandtrigger\Debug\link.4384-cvtres.read.1.tlog
C:\Users\Administrator\Desktop\quant\bandandtrigger-server\bandandtrigger\Debug\link.4384-cvtres.write.1.tlog
C:\Users\Administrator\Desktop\quant\bandandtrigger-server\bandandtrigger\Debug\link.4384-rc.read.1.tlog
C:\Users\Administrator\Desktop\quant\bandandtrigger-server\bandandtrigger\Debug\link.4384-rc.write.1.tlog
C:\Users\Administrator\Desktop\quant\bandandtrigger-server\bandandtrigger\Debug\link.4384.read.1.tlog
C:\Users\Administrator\Desktop\quant\bandandtrigger-server\bandandtrigger\Debug\link.4384.write.1.tlog
C:\Users\Administrator\Desktop\quant\bandandtrigger-server\bandandtrigger\Debug\link.4520-cvtres.read.1.tlog
C:\Users\Administrator\Desktop\quant\bandandtrigger-server\bandandtrigger\Debug\link.4520-cvtres.write.1.tlog
C:\Users\Administrator\Desktop\quant\bandandtrigger-server\bandandtrigger\Debug\link.4520-rc.read.1.tlog
C:\Users\Administrator\Desktop\quant\bandandtrigger-server\bandandtrigger\Debug\link.4520-rc.write.1.tlog
C:\Users\Administrator\Desktop\quant\bandandtrigger-server\bandandtrigger\Debug\link.4520.read.1.tlog
C:\Users\Administrator\Desktop\quant\bandandtrigger-server\bandandtrigger\Debug\link.4520.write.1.tlog
C:\Users\Administrator\Desktop\quant\bandandtrigger-server\bandandtrigger\Debug\link.4596-cvtres.read.1.tlog
C:\Users\Administrator\Desktop\quant\bandandtrigger-server\bandandtrigger\Debug\link.4596-cvtres.write.1.tlog
C:\Users\Administrator\Desktop\quant\bandandtrigger-server\bandandtrigger\Debug\link.4596-rc.read.1.tlog
C:\Users\Administrator\Desktop\quant\bandandtrigger-server\bandandtrigger\Debug\link.4596-rc.write.1.tlog
C:\Users\Administrator\Desktop\quant\bandandtrigger-server\bandandtrigger\Debug\link.4596.read.1.tlog
C:\Users\Administrator\Desktop\quant\bandandtrigger-server\bandandtrigger\Debug\link.4596.write.1.tlog
C:\Users\Administrator\Desktop\quant\bandandtrigger-server\bandandtrigger\Debug\link.4672-cvtres.read.1.tlog
C:\Users\Administrator\Desktop\quant\bandandtrigger-server\bandandtrigger\Debug\link.4672-cvtres.write.1.tlog
C:\Users\Administrator\Desktop\quant\bandandtrigger-server\bandandtrigger\Debug\link.4672-rc.read.1.tlog
C:\Users\Administrator\Desktop\quant\bandandtrigger-server\bandandtrigger\Debug\link.4672-rc.write.1.tlog
C:\Users\Administrator\Desktop\quant\bandandtrigger-server\bandandtrigger\Debug\link.4672.read.1.tlog
C:\Users\Administrator\Desktop\quant\bandandtrigger-server\bandandtrigger\Debug\link.4672.write.1.tlog
C:\Users\Administrator\Desktop\quant\bandandtrigger-server\bandandtrigger\Debug\link.4688-cvtres.read.1.tlog
C:\Users\Administrator\Desktop\quant\bandandtrigger-server\bandandtrigger\Debug\link.4688-cvtres.write.1.tlog
C:\Users\Administrator\Desktop\quant\bandandtrigger-server\bandandtrigger\Debug\link.4688-rc.read.1.tlog
C:\Users\Administrator\Desktop\quant\bandandtrigger-server\bandandtrigger\Debug\link.4688-rc.write.1.tlog
C:\Users\Administrator\Desktop\quant\bandandtrigger-server\bandandtrigger\Debug\link.4688.read.1.tlog
C:\Users\Administrator\Desktop\quant\bandandtrigger-server\bandandtrigger\Debug\link.4688.write.1.tlog
C:\Users\Administrator\Desktop\quant\bandandtrigger-server\bandandtrigger\Debug\link.4724-cvtres.read.1.tlog
C:\Users\Administrator\Desktop\quant\bandandtrigger-server\bandandtrigger\Debug\link.4724-cvtres.write.1.tlog
C:\Users\Administrator\Desktop\quant\bandandtrigger-server\bandandtrigger\Debug\link.4724-rc.read.1.tlog
C:\Users\Administrator\Desktop\quant\bandandtrigger-server\bandandtrigger\Debug\link.4724-rc.write.1.tlog
C:\Users\Administrator\Desktop\quant\bandandtrigger-server\bandandtrigger\Debug\link.4724.read.1.tlog
C:\Users\Administrator\Desktop\quant\bandandtrigger-server\bandandtrigger\Debug\link.4724.write.1.tlog
C:\Users\Administrator\Desktop\quant\bandandtrigger-server\bandandtrigger\Debug\link.4744-cvtres.read.1.tlog
C:\Users\Administrator\Desktop\quant\bandandtrigger-server\bandandtrigger\Debug\link.4744-cvtres.write.1.tlog
C:\Users\Administrator\Desktop\quant\bandandtrigger-server\bandandtrigger\Debug\link.4744-rc.read.1.tlog
C:\Users\Administrator\Desktop\quant\bandandtrigger-server\bandandtrigger\Debug\link.4744-rc.write.1.tlog
C:\Users\Administrator\Desktop\quant\bandandtrigger-server\bandandtrigger\Debug\link.4744.read.1.tlog
C:\Users\Administrator\Desktop\quant\bandandtrigger-server\bandandtrigger\Debug\link.4744.write.1.tlog
C:\Users\Administrator\Desktop\quant\bandandtrigger-server\bandandtrigger\Debug\link.4772-cvtres.read.1.tlog
C:\Users\Administrator\Desktop\quant\bandandtrigger-server\bandandtrigger\Debug\link.4772-cvtres.write.1.tlog
C:\Users\Administrator\Desktop\quant\bandandtrigger-server\bandandtrigger\Debug\link.4772-rc.read.1.tlog
C:\Users\Administrator\Desktop\quant\bandandtrigger-server\bandandtrigger\Debug\link.4772-rc.write.1.tlog
C:\Users\Administrator\Desktop\quant\bandandtrigger-server\bandandtrigger\Debug\link.4772.read.1.tlog
C:\Users\Administrator\Desktop\quant\bandandtrigger-server\bandandtrigger\Debug\link.4772.write.1.tlog
C:\Users\Administrator\Desktop\quant\bandandtrigger-server\bandandtrigger\Debug\link.4816-cvtres.read.1.tlog
C:\Users\Administrator\Desktop\quant\bandandtrigger-server\bandandtrigger\Debug\link.4816-cvtres.write.1.tlog
C:\Users\Administrator\Desktop\quant\bandandtrigger-server\bandandtrigger\Debug\link.4816-rc.read.1.tlog
C:\Users\Administrator\Desktop\quant\bandandtrigger-server\bandandtrigger\Debug\link.4816-rc.write.1.tlog
C:\Users\Administrator\Desktop\quant\bandandtrigger-server\bandandtrigger\Debug\link.4816.read.1.tlog
C:\Users\Administrator\Desktop\quant\bandandtrigger-server\bandandtrigger\Debug\link.4816.write.1.tlog
C:\Users\Administrator\Desktop\quant\bandandtrigger-server\bandandtrigger\Debug\link.4832-cvtres.read.1.tlog
C:\Users\Administrator\Desktop\quant\bandandtrigger-server\bandandtrigger\Debug\link.4832-cvtres.write.1.tlog
C:\Users\Administrator\Desktop\quant\bandandtrigger-server\bandandtrigger\Debug\link.4832-rc.read.1.tlog
C:\Users\Administrator\Desktop\quant\bandandtrigger-server\bandandtrigger\Debug\link.4832-rc.write.1.tlog
C:\Users\Administrator\Desktop\quant\bandandtrigger-server\bandandtrigger\Debug\link.4832.read.1.tlog
C:\Users\Administrator\Desktop\quant\bandandtrigger-server\bandandtrigger\Debug\link.4832.write.1.tlog
C:\Users\Administrator\Desktop\quant\bandandtrigger-server\bandandtrigger\Debug\link.4840-cvtres.read.1.tlog
C:\Users\Administrator\Desktop\quant\bandandtrigger-server\bandandtrigger\Debug\link.4840-cvtres.write.1.tlog
C:\Users\Administrator\Desktop\quant\bandandtrigger-server\bandandtrigger\Debug\link.4840-rc.read.1.tlog
C:\Users\Administrator\Desktop\quant\bandandtrigger-server\bandandtrigger\Debug\link.4840-rc.write.1.tlog
C:\Users\Administrator\Desktop\quant\bandandtrigger-server\bandandtrigger\Debug\link.4840.read.1.tlog
C:\Users\Administrator\Desktop\quant\bandandtrigger-server\bandandtrigger\Debug\link.4840.write.1.tlog
C:\Users\Administrator\Desktop\quant\bandandtrigger-server\bandandtrigger\Debug\link.4860-cvtres.read.1.tlog
C:\Users\Administrator\Desktop\quant\bandandtrigger-server\bandandtrigger\Debug\link.4860-cvtres.write.1.tlog
C:\Users\Administrator\Desktop\quant\bandandtrigger-server\bandandtrigger\Debug\link.4860-rc.read.1.tlog
C:\Users\Administrator\Desktop\quant\bandandtrigger-server\bandandtrigger\Debug\link.4860-rc.write.1.tlog
C:\Users\Administrator\Desktop\quant\bandandtrigger-server\bandandtrigger\Debug\link.4860.read.1.tlog
C:\Users\Administrator\Desktop\quant\bandandtrigger-server\bandandtrigger\Debug\link.4860.write.1.tlog
C:\Users\Administrator\Desktop\quant\bandandtrigger-server\bandandtrigger\Debug\link.4908-cvtres.read.1.tlog
C:\Users\Administrator\Desktop\quant\bandandtrigger-server\bandandtrigger\Debug\link.4908-cvtres.write.1.tlog
C:\Users\Administrator\Desktop\quant\bandandtrigger-server\bandandtrigger\Debug\link.4908-rc.read.1.tlog
C:\Users\Administrator\Desktop\quant\bandandtrigger-server\bandandtrigger\Debug\link.4908-rc.write.1.tlog
C:\Users\Administrator\Desktop\quant\bandandtrigger-server\bandandtrigger\Debug\link.4908.read.1.tlog
C:\Users\Administrator\Desktop\quant\bandandtrigger-server\bandandtrigger\Debug\link.4908.write.1.tlog
C:\Users\Administrator\Desktop\quant\bandandtrigger-server\bandandtrigger\Debug\link.5052-cvtres.read.1.tlog
C:\Users\Administrator\Desktop\quant\bandandtrigger-server\bandandtrigger\Debug\link.5052-cvtres.write.1.tlog
C:\Users\Administrator\Desktop\quant\bandandtrigger-server\bandandtrigger\Debug\link.5052-rc.read.1.tlog
C:\Users\Administrator\Desktop\quant\bandandtrigger-server\bandandtrigger\Debug\link.5052-rc.write.1.tlog
C:\Users\Administrator\Desktop\quant\bandandtrigger-server\bandandtrigger\Debug\link.5052.read.1.tlog
C:\Users\Administrator\Desktop\quant\bandandtrigger-server\bandandtrigger\Debug\link.5052.write.1.tlog
C:\Users\Administrator\Desktop\quant\bandandtrigger-server\bandandtrigger\Debug\link.5084-cvtres.read.1.tlog
C:\Users\Administrator\Desktop\quant\bandandtrigger-server\bandandtrigger\Debug\link.5084-cvtres.write.1.tlog
C:\Users\Administrator\Desktop\quant\bandandtrigger-server\bandandtrigger\Debug\link.5084-rc.read.1.tlog
C:\Users\Administrator\Desktop\quant\bandandtrigger-server\bandandtrigger\Debug\link.5084-rc.write.1.tlog
C:\Users\Administrator\Desktop\quant\bandandtrigger-server\bandandtrigger\Debug\link.5084.read.1.tlog
C:\Users\Administrator\Desktop\quant\bandandtrigger-server\bandandtrigger\Debug\link.5084.write.1.tlog
C:\Users\Administrator\Desktop\quant\bandandtrigger-server\bandandtrigger\Debug\link.5944-cvtres.read.1.tlog
C:\Users\Administrator\Desktop\quant\bandandtrigger-server\bandandtrigger\Debug\link.5944-cvtres.write.1.tlog
C:\Users\Administrator\Desktop\quant\bandandtrigger-server\bandandtrigger\Debug\link.5944-rc.read.1.tlog
C:\Users\Administrator\Desktop\quant\bandandtrigger-server\bandandtrigger\Debug\link.5944-rc.write.1.tlog
C:\Users\Administrator\Desktop\quant\bandandtrigger-server\bandandtrigger\Debug\link.5944.read.1.tlog
C:\Users\Administrator\Desktop\quant\bandandtrigger-server\bandandtrigger\Debug\link.5944.write.1.tlog
C:\Users\Administrator\Desktop\quant\bandandtrigger-server\bandandtrigger\Debug\link.6016-cvtres.read.1.tlog
C:\Users\Administrator\Desktop\quant\bandandtrigger-server\bandandtrigger\Debug\link.6016-cvtres.write.1.tlog
C:\Users\Administrator\Desktop\quant\bandandtrigger-server\bandandtrigger\Debug\link.6016-rc.read.1.tlog
C:\Users\Administrator\Desktop\quant\bandandtrigger-server\bandandtrigger\Debug\link.6016-rc.write.1.tlog
C:\Users\Administrator\Desktop\quant\bandandtrigger-server\bandandtrigger\Debug\link.6016.read.1.tlog
C:\Users\Administrator\Desktop\quant\bandandtrigger-server\bandandtrigger\Debug\link.6016.write.1.tlog
C:\Users\Administrator\Desktop\quant\bandandtrigger-server\bandandtrigger\Debug\link.6024-cvtres.read.1.tlog
C:\Users\Administrator\Desktop\quant\bandandtrigger-server\bandandtrigger\Debug\link.6024-cvtres.write.1.tlog
C:\Users\Administrator\Desktop\quant\bandandtrigger-server\bandandtrigger\Debug\link.6024-rc.read.1.tlog
C:\Users\Administrator\Desktop\quant\bandandtrigger-server\bandandtrigger\Debug\link.6024-rc.write.1.tlog
C:\Users\Administrator\Desktop\quant\bandandtrigger-server\bandandtrigger\Debug\link.6024.read.1.tlog
C:\Users\Administrator\Desktop\quant\bandandtrigger-server\bandandtrigger\Debug\link.6024.write.1.tlog
C:\Users\Administrator\Desktop\quant\bandandtrigger-server\bandandtrigger\Debug\link.7080-cvtres.read.1.tlog
C:\Users\Administrator\Desktop\quant\bandandtrigger-server\bandandtrigger\Debug\link.7080-cvtres.write.1.tlog
C:\Users\Administrator\Desktop\quant\bandandtrigger-server\bandandtrigger\Debug\link.7080-rc.read.1.tlog
C:\Users\Administrator\Desktop\quant\bandandtrigger-server\bandandtrigger\Debug\link.7080-rc.write.1.tlog
C:\Users\Administrator\Desktop\quant\bandandtrigger-server\bandandtrigger\Debug\link.7080.read.1.tlog
C:\Users\Administrator\Desktop\quant\bandandtrigger-server\bandandtrigger\Debug\link.7080.write.1.tlog
C:\Users\Administrator\Desktop\quant\bandandtrigger-server\bandandtrigger\Debug\link.command.1.tlog
C:\Users\Administrator\Desktop\quant\bandandtrigger-server\bandandtrigger\Debug\link.read.1.tlog
C:\Users\Administrator\Desktop\quant\bandandtrigger-server\bandandtrigger\Debug\link.write.1.tlog
C:\Users\Administrator\Desktop\quant\bandandtrigger-server\bandandtrigger\Debug\vc110.idb
C:\Users\Administrator\Desktop\quant\bandandtrigger-server\bandandtrigger\Debug\vc110.pdb
C:\Users\Administrator\Desktop\quant\bandandtrigger-server\Debug\bandandtrigger.pdb
C:\Users\Administrator\Desktop\quant\bandandtrigger-server\Debug\bandandtrigger.exe
C:\Users\Administrator\Desktop\quant\bandandtrigger-server\Debug\bandandtrigger.ilk
