C:\USERS\ADMINISTRATOR\DESKTOP\QUANT\MD\MDDATASERVER\MDBASIC\DEBUG\APPLICATION.OBJ
C:\USERS\ADMINISTRATOR\DESKTOP\QUANT\MD\MDDATASERVER\MDBASIC\DEBUG\BASICFUN.OBJ
C:\USERS\ADMINISTRATOR\DESKTOP\QUANT\MD\MDDATASERVER\MDBASIC\DEBUG\MAIN.OBJ
C:\USERS\ADMINISTRATOR\DESKTOP\QUANT\MD\MDDATASERVER\MDBASIC\DEBUG\MDSPI.OBJ
C:\USERS\ADMINISTRATOR\DESKTOP\QUANT\MD\MDDATASERVER\MDBASIC\DEBUG\VC110.PDB
C:\USERS\ADMINISTRATOR\DESKTOP\QUANT\MD\MDDATASERVER\DEBUG\MDBASIC.ILK
C:\USERS\ADMINISTRATOR\DESKTOP\QUANT\MD\MDDATASERVER\DEBUG\MDBASIC.EXE
C:\USERS\ADMINISTRATOR\DESKTOP\QUANT\MD\MDDATASERVER\DEBUG\MDBASIC.PDB
C:\Users\Administrator\Desktop\quant\md\mdDataServer\mdBasic\Debug\application.obj
C:\Users\Administrator\Desktop\quant\md\mdDataServer\mdBasic\Debug\basicFun.obj
C:\Users\Administrator\Desktop\quant\md\mdDataServer\mdBasic\Debug\main.obj
C:\Users\Administrator\Desktop\quant\md\mdDataServer\mdBasic\Debug\mdspi.obj
C:\Users\Administrator\Desktop\quant\md\mdDataServer\mdBasic\Debug\cl.command.1.tlog
C:\Users\Administrator\Desktop\quant\md\mdDataServer\mdBasic\Debug\CL.read.1.tlog
C:\Users\Administrator\Desktop\quant\md\mdDataServer\mdBasic\Debug\CL.write.1.tlog
C:\Users\Administrator\Desktop\quant\md\mdDataServer\mdBasic\Debug\link-cvtres.read.1.tlog
C:\Users\Administrator\Desktop\quant\md\mdDataServer\mdBasic\Debug\link-cvtres.write.1.tlog
C:\Users\Administrator\Desktop\quant\md\mdDataServer\mdBasic\Debug\link-rc.read.1.tlog
C:\Users\Administrator\Desktop\quant\md\mdDataServer\mdBasic\Debug\link-rc.write.1.tlog
C:\Users\Administrator\Desktop\quant\md\mdDataServer\mdBasic\Debug\link.6908-cvtres.read.1.tlog
C:\Users\Administrator\Desktop\quant\md\mdDataServer\mdBasic\Debug\link.6908-cvtres.write.1.tlog
C:\Users\Administrator\Desktop\quant\md\mdDataServer\mdBasic\Debug\link.6908-rc.read.1.tlog
C:\Users\Administrator\Desktop\quant\md\mdDataServer\mdBasic\Debug\link.6908-rc.write.1.tlog
C:\Users\Administrator\Desktop\quant\md\mdDataServer\mdBasic\Debug\link.6908.read.1.tlog
C:\Users\Administrator\Desktop\quant\md\mdDataServer\mdBasic\Debug\link.6908.write.1.tlog
C:\Users\Administrator\Desktop\quant\md\mdDataServer\mdBasic\Debug\link.command.1.tlog
C:\Users\Administrator\Desktop\quant\md\mdDataServer\mdBasic\Debug\link.read.1.tlog
C:\Users\Administrator\Desktop\quant\md\mdDataServer\mdBasic\Debug\link.write.1.tlog
C:\Users\Administrator\Desktop\quant\md\mdDataServer\mdBasic\Debug\vc110.idb
C:\Users\Administrator\Desktop\quant\md\mdDataServer\mdBasic\Debug\vc110.pdb
C:\Users\Administrator\Desktop\quant\md\mdDataServer\Debug\mdBasic.pdb
C:\Users\Administrator\Desktop\quant\md\mdDataServer\Debug\mdBasic.exe
C:\Users\Administrator\Desktop\quant\md\mdDataServer\Debug\mdBasic.ilk
