生成启动时间为 2017/7/10 12:34:10。
     1>项目“C:\Users\Administrator\Desktop\quant\md\mdDataServer\mdBasic\mdBasic.vcxproj”在节点 2 上(Rebuild 个目标)。
     1>ClCompile:
         C:\Program Files (x86)\Microsoft Visual Studio 11.0\VC\bin\CL.exe /c /Iapi\ /Iapplication\ /Imd\ /IbasicFun\ /ZI /nologo /W3 /WX- /Od /Oy- /D WIN32 /D _DEBUG /D _CONSOLE /D _UNICODE /D UNICODE /Gm /EHsc /RTC1 /MDd /GS /fp:precise /Zc:wchar_t /Zc:forScope /Fo"Debug\\" /Fd"Debug\vc110.pdb" /Gd /TP /analyze- /errorReport:prompt application\application.cpp basicFun\basicFun.cpp main.cpp md\mdspi.cpp
         mdspi.cpp
     1>c:\users\administrator\desktop\quant\md\mddataserver\mdbasic\md\mdspi.cpp(54): warning C4996: 'sprintf': This function or variable may be unsafe. Consider using sprintf_s instead. To disable deprecation, use _CRT_SECURE_NO_WARNINGS. See online help for details.
                 c:\program files (x86)\microsoft visual studio 11.0\vc\include\stdio.h(357) : 参见“sprintf”的声明
         main.cpp
         basicFun.cpp
     1>c:\users\administrator\desktop\quant\md\mddataserver\mdbasic\basicfun\basicfun.cpp(50): warning C4996: 'strcpy': This function or variable may be unsafe. Consider using strcpy_s instead. To disable deprecation, use _CRT_SECURE_NO_WARNINGS. See online help for details.
                 c:\program files (x86)\microsoft visual studio 11.0\vc\include\string.h(110) : 参见“strcpy”的声明
     1>c:\users\administrator\desktop\quant\md\mddataserver\mdbasic\basicfun\basicfun.cpp(54): warning C4996: 'strcpy': This function or variable may be unsafe. Consider using strcpy_s instead. To disable deprecation, use _CRT_SECURE_NO_WARNINGS. See online help for details.
                 c:\program files (x86)\microsoft visual studio 11.0\vc\include\string.h(110) : 参见“strcpy”的声明
     1>c:\users\administrator\desktop\quant\md\mddataserver\mdbasic\basicfun\basicfun.cpp(63): warning C4996: 'fopen': This function or variable may be unsafe. Consider using fopen_s instead. To disable deprecation, use _CRT_SECURE_NO_WARNINGS. See online help for details.
                 c:\program files (x86)\microsoft visual studio 11.0\vc\include\stdio.h(218) : 参见“fopen”的声明
         application.cpp
     1>c:\users\administrator\desktop\quant\md\mddataserver\mdbasic\application\application.cpp(14): warning C4996: 'strcpy': This function or variable may be unsafe. Consider using strcpy_s instead. To disable deprecation, use _CRT_SECURE_NO_WARNINGS. See online help for details.
                 c:\program files (x86)\microsoft visual studio 11.0\vc\include\string.h(110) : 参见“strcpy”的声明
     1>c:\users\administrator\desktop\quant\md\mddataserver\mdbasic\application\application.cpp(15): warning C4996: 'strcpy': This function or variable may be unsafe. Consider using strcpy_s instead. To disable deprecation, use _CRT_SECURE_NO_WARNINGS. See online help for details.
                 c:\program files (x86)\microsoft visual studio 11.0\vc\include\string.h(110) : 参见“strcpy”的声明
     1>c:\users\administrator\desktop\quant\md\mddataserver\mdbasic\application\application.cpp(16): warning C4996: 'strcpy': This function or variable may be unsafe. Consider using strcpy_s instead. To disable deprecation, use _CRT_SECURE_NO_WARNINGS. See online help for details.
                 c:\program files (x86)\microsoft visual studio 11.0\vc\include\string.h(110) : 参见“strcpy”的声明
     1>c:\users\administrator\desktop\quant\md\mddataserver\mdbasic\application\application.cpp(21): warning C4018: “<”: 有符号/无符号不匹配
     1>c:\users\administrator\desktop\quant\md\mddataserver\mdbasic\application\application.cpp(83): warning C4996: 'strcpy': This function or variable may be unsafe. Consider using strcpy_s instead. To disable deprecation, use _CRT_SECURE_NO_WARNINGS. See online help for details.
                 c:\program files (x86)\microsoft visual studio 11.0\vc\include\string.h(110) : 参见“strcpy”的声明
     1>c:\users\administrator\desktop\quant\md\mddataserver\mdbasic\application\application.cpp(84): warning C4996: 'strcpy': This function or variable may be unsafe. Consider using strcpy_s instead. To disable deprecation, use _CRT_SECURE_NO_WARNINGS. See online help for details.
                 c:\program files (x86)\microsoft visual studio 11.0\vc\include\string.h(110) : 参见“strcpy”的声明
     1>c:\users\administrator\desktop\quant\md\mddataserver\mdbasic\application\application.cpp(85): warning C4996: 'strcpy': This function or variable may be unsafe. Consider using strcpy_s instead. To disable deprecation, use _CRT_SECURE_NO_WARNINGS. See online help for details.
                 c:\program files (x86)\microsoft visual studio 11.0\vc\include\string.h(110) : 参见“strcpy”的声明
         正在生成代码...
       Link:
         C:\Program Files (x86)\Microsoft Visual Studio 11.0\VC\bin\link.exe /ERRORREPORT:PROMPT /OUT:"C:\Users\Administrator\Desktop\quant\md\mdDataServer\Debug\mdBasic.exe" /INCREMENTAL /NOLOGO /LIBPATH:api\ thostmduserapi.lib kernel32.lib user32.lib gdi32.lib winspool.lib comdlg32.lib advapi32.lib shell32.lib ole32.lib oleaut32.lib uuid.lib odbc32.lib odbccp32.lib /MANIFEST /MANIFESTUAC:"level='asInvoker' uiAccess='false'" /manifest:embed /DEBUG /PDB:"C:\Users\Administrator\Desktop\quant\md\mdDataServer\Debug\mdBasic.pdb" /SUBSYSTEM:CONSOLE /TLBID:1 /DYNAMICBASE /NXCOMPAT /IMPLIB:"C:\Users\Administrator\Desktop\quant\md\mdDataServer\Debug\mdBasic.lib" /MACHINE:X86 Debug\application.obj
         Debug\basicFun.obj
         Debug\main.obj
         Debug\mdspi.obj
         mdBasic.vcxproj -> C:\Users\Administrator\Desktop\quant\md\mdDataServer\Debug\mdBasic.exe
     1>已完成生成项目“C:\Users\Administrator\Desktop\quant\md\mdDataServer\mdBasic\mdBasic.vcxproj”(Rebuild 个目标)的操作。

生成成功。

已用时间 00:00:04.38
