C:\USERS\ADMINISTRATOR\DESKTOP\QUANT\BANDANDTRIGGER-SERVER\BANDANDTRIGGER\DEBUG\BANDANDTRIGGERSIZEFUN.OBJ
C:\USERS\ADMINISTRATOR\DESKTOP\QUANT\BANDANDTRIGGER-SERVER\BANDANDTRIGGER\DEBUG\BASICFUN.OBJ
C:\USERS\ADMINISTRATOR\DESKTOP\QUANT\BANDANDTRIGGER-SERVER\BANDANDTRIGGER\DEBUG\MAIN.OBJ
C:\USERS\ADMINISTRATOR\DESKTOP\QUANT\BANDANDTRIGGER-SERVER\BANDANDTRIGGER\DEBUG\VC110.PDB
C:\USERS\ADMINISTRATOR\DESKTOP\QUANT\BANDANDTRIGGER-SERVER\BANDANDTRIGGER\DEBUG\BANDANDTRIGGERSIZE.OBJ
C:\USERS\ADMINISTRATOR\DESKTOP\QUANT\BANDANDTRIGGER-SERVER\DEBUG\BANDANDTRIGGER.ILK
C:\USERS\ADMINISTRATOR\DESKTOP\QUANT\BANDANDTRIGGER-SERVER\DEBUG\BANDANDTRIGGER.EXE
C:\USERS\ADMINISTRATOR\DESKTOP\QUANT\BANDANDTRIGGER-SERVER\DEBUG\BANDANDTRIGGER.PDB
C:\Users\Administrator\Desktop\quant\bandandtrigger-server\bandandtrigger\Debug\BasicFun.obj
C:\Users\Administrator\Desktop\quant\bandandtrigger-server\bandandtrigger\Debug\cl.command.1.tlog
C:\Users\Administrator\Desktop\quant\bandandtrigger-server\bandandtrigger\Debug\CL.read.1.tlog
C:\Users\Administrator\Desktop\quant\bandandtrigger-server\bandandtrigger\Debug\CL.write.1.tlog
C:\Users\Administrator\Desktop\quant\bandandtrigger-server\bandandtrigger\Debug\link-cvtres.read.1.tlog
C:\Users\Administrator\Desktop\quant\bandandtrigger-server\bandandtrigger\Debug\link-cvtres.write.1.tlog
C:\Users\Administrator\Desktop\quant\bandandtrigger-server\bandandtrigger\Debug\link-rc.read.1.tlog
C:\Users\Administrator\Desktop\quant\bandandtrigger-server\bandandtrigger\Debug\link-rc.write.1.tlog
C:\Users\Administrator\Desktop\quant\bandandtrigger-server\bandandtrigger\Debug\link.4076-cvtres.read.1.tlog
C:\Users\Administrator\Desktop\quant\bandandtrigger-server\bandandtrigger\Debug\link.4076-cvtres.write.1.tlog
C:\Users\Administrator\Desktop\quant\bandandtrigger-server\bandandtrigger\Debug\link.4076-rc.read.1.tlog
C:\Users\Administrator\Desktop\quant\bandandtrigger-server\bandandtrigger\Debug\link.4076-rc.write.1.tlog
C:\Users\Administrator\Desktop\quant\bandandtrigger-server\bandandtrigger\Debug\link.4076.read.1.tlog
C:\Users\Administrator\Desktop\quant\bandandtrigger-server\bandandtrigger\Debug\link.4076.write.1.tlog
C:\Users\Administrator\Desktop\quant\bandandtrigger-server\bandandtrigger\Debug\link.4620-cvtres.read.1.tlog
C:\Users\Administrator\Desktop\quant\bandandtrigger-server\bandandtrigger\Debug\link.4620-cvtres.write.1.tlog
C:\Users\Administrator\Desktop\quant\bandandtrigger-server\bandandtrigger\Debug\link.4620-rc.read.1.tlog
C:\Users\Administrator\Desktop\quant\bandandtrigger-server\bandandtrigger\Debug\link.4620-rc.write.1.tlog
C:\Users\Administrator\Desktop\quant\bandandtrigger-server\bandandtrigger\Debug\link.4620.read.1.tlog
C:\Users\Administrator\Desktop\quant\bandandtrigger-server\bandandtrigger\Debug\link.4620.write.1.tlog
C:\Users\Administrator\Desktop\quant\bandandtrigger-server\bandandtrigger\Debug\link.6444-cvtres.read.1.tlog
C:\Users\Administrator\Desktop\quant\bandandtrigger-server\bandandtrigger\Debug\link.6444-cvtres.write.1.tlog
C:\Users\Administrator\Desktop\quant\bandandtrigger-server\bandandtrigger\Debug\link.6444-rc.read.1.tlog
C:\Users\Administrator\Desktop\quant\bandandtrigger-server\bandandtrigger\Debug\link.6444-rc.write.1.tlog
C:\Users\Administrator\Desktop\quant\bandandtrigger-server\bandandtrigger\Debug\link.6444.read.1.tlog
C:\Users\Administrator\Desktop\quant\bandandtrigger-server\bandandtrigger\Debug\link.6444.write.1.tlog
C:\Users\Administrator\Desktop\quant\bandandtrigger-server\bandandtrigger\Debug\link.command.1.tlog
C:\Users\Administrator\Desktop\quant\bandandtrigger-server\bandandtrigger\Debug\link.read.1.tlog
C:\Users\Administrator\Desktop\quant\bandandtrigger-server\bandandtrigger\Debug\link.write.1.tlog
C:\Users\Administrator\Desktop\quant\bandandtrigger-server\bandandtrigger\Debug\vc110.idb
C:\Users\Administrator\Desktop\quant\bandandtrigger-server\bandandtrigger\Debug\vc110.pdb
C:\Users\Administrator\Desktop\quant\bandandtrigger-server\Debug\bandandtrigger.pdb
C:\Users\Administrator\Desktop\quant\bandandtrigger-server\Debug\bandandtrigger.exe
C:\Users\Administrator\Desktop\quant\bandandtrigger-server\Debug\bandandtrigger.ilk
