C:\USERS\SXY\DESKTOP\QUANT\MD\MDBASIC\MDBASIC\DEBUG\APPLICATION.OBJ
C:\USERS\SXY\DESKTOP\QUANT\MD\MDBASIC\MDBASIC\DEBUG\BASICFUN.OBJ
C:\USERS\SXY\DESKTOP\QUANT\MD\MDBASIC\MDBASIC\DEBUG\MAIN.OBJ
C:\USERS\SXY\DESKTOP\QUANT\MD\MDBASIC\MDBASIC\DEBUG\MDSPI.OBJ
C:\USERS\SXY\DESKTOP\QUANT\MD\MDBASIC\MDBASIC\DEBUG\VC110.PDB
C:\USERS\SXY\DESKTOP\QUANT\MD\MDBASIC\DEBUG\MDBASIC.ILK
C:\USERS\SXY\DESKTOP\QUANT\MD\MDBASIC\DEBUG\MDBASIC.EXE
C:\USERS\SXY\DESKTOP\QUANT\MD\MDBASIC\DEBUG\MDBASIC.PDB
C:\Users\sxy\Desktop\quant\md\mdBasic\mdBasic\Debug\application.obj
C:\Users\sxy\Desktop\quant\md\mdBasic\mdBasic\Debug\basicFun.obj
C:\Users\sxy\Desktop\quant\md\mdBasic\mdBasic\Debug\main.obj
C:\Users\sxy\Desktop\quant\md\mdBasic\mdBasic\Debug\mdspi.obj
C:\Users\sxy\Desktop\quant\md\mdBasic\mdBasic\Debug\cl.command.1.tlog
C:\Users\sxy\Desktop\quant\md\mdBasic\mdBasic\Debug\CL.read.1.tlog
C:\Users\sxy\Desktop\quant\md\mdBasic\mdBasic\Debug\CL.write.1.tlog
C:\Users\sxy\Desktop\quant\md\mdBasic\mdBasic\Debug\link-cvtres.read.1.tlog
C:\Users\sxy\Desktop\quant\md\mdBasic\mdBasic\Debug\link-cvtres.write.1.tlog
C:\Users\sxy\Desktop\quant\md\mdBasic\mdBasic\Debug\link-rc.read.1.tlog
C:\Users\sxy\Desktop\quant\md\mdBasic\mdBasic\Debug\link-rc.write.1.tlog
C:\Users\sxy\Desktop\quant\md\mdBasic\mdBasic\Debug\link.30700-cvtres.read.1.tlog
C:\Users\sxy\Desktop\quant\md\mdBasic\mdBasic\Debug\link.30700-cvtres.write.1.tlog
C:\Users\sxy\Desktop\quant\md\mdBasic\mdBasic\Debug\link.30700-rc.read.1.tlog
C:\Users\sxy\Desktop\quant\md\mdBasic\mdBasic\Debug\link.30700-rc.write.1.tlog
C:\Users\sxy\Desktop\quant\md\mdBasic\mdBasic\Debug\link.30700.read.1.tlog
C:\Users\sxy\Desktop\quant\md\mdBasic\mdBasic\Debug\link.30700.write.1.tlog
C:\Users\sxy\Desktop\quant\md\mdBasic\mdBasic\Debug\link.32776-cvtres.read.1.tlog
C:\Users\sxy\Desktop\quant\md\mdBasic\mdBasic\Debug\link.32776-cvtres.write.1.tlog
C:\Users\sxy\Desktop\quant\md\mdBasic\mdBasic\Debug\link.32776-rc.read.1.tlog
C:\Users\sxy\Desktop\quant\md\mdBasic\mdBasic\Debug\link.32776-rc.write.1.tlog
C:\Users\sxy\Desktop\quant\md\mdBasic\mdBasic\Debug\link.32776.read.1.tlog
C:\Users\sxy\Desktop\quant\md\mdBasic\mdBasic\Debug\link.32776.write.1.tlog
C:\Users\sxy\Desktop\quant\md\mdBasic\mdBasic\Debug\link.33256-cvtres.read.1.tlog
C:\Users\sxy\Desktop\quant\md\mdBasic\mdBasic\Debug\link.33256-cvtres.write.1.tlog
C:\Users\sxy\Desktop\quant\md\mdBasic\mdBasic\Debug\link.33256-rc.read.1.tlog
C:\Users\sxy\Desktop\quant\md\mdBasic\mdBasic\Debug\link.33256-rc.write.1.tlog
C:\Users\sxy\Desktop\quant\md\mdBasic\mdBasic\Debug\link.33256.read.1.tlog
C:\Users\sxy\Desktop\quant\md\mdBasic\mdBasic\Debug\link.33256.write.1.tlog
C:\Users\sxy\Desktop\quant\md\mdBasic\mdBasic\Debug\link.35380-cvtres.read.1.tlog
C:\Users\sxy\Desktop\quant\md\mdBasic\mdBasic\Debug\link.35380-cvtres.write.1.tlog
C:\Users\sxy\Desktop\quant\md\mdBasic\mdBasic\Debug\link.35380-rc.read.1.tlog
C:\Users\sxy\Desktop\quant\md\mdBasic\mdBasic\Debug\link.35380-rc.write.1.tlog
C:\Users\sxy\Desktop\quant\md\mdBasic\mdBasic\Debug\link.35380.read.1.tlog
C:\Users\sxy\Desktop\quant\md\mdBasic\mdBasic\Debug\link.35380.write.1.tlog
C:\Users\sxy\Desktop\quant\md\mdBasic\mdBasic\Debug\link.command.1.tlog
C:\Users\sxy\Desktop\quant\md\mdBasic\mdBasic\Debug\link.read.1.tlog
C:\Users\sxy\Desktop\quant\md\mdBasic\mdBasic\Debug\link.write.1.tlog
C:\Users\sxy\Desktop\quant\md\mdBasic\mdBasic\Debug\vc110.idb
C:\Users\sxy\Desktop\quant\md\mdBasic\mdBasic\Debug\vc110.pdb
C:\Users\sxy\Desktop\quant\md\mdBasic\Debug\mdBasic.pdb
C:\Users\sxy\Desktop\quant\md\mdBasic\Debug\mdBasic.exe
C:\Users\sxy\Desktop\quant\md\mdBasic\Debug\mdBasic.ilk
