生成启动时间为 2017/12/22 12:38:13。
     1>项目“C:\Users\DELL\Desktop\quant\hour\bandandrange\bandandtrigger\bandandtrigger.vcxproj”在节点 2 上(Build 个目标)。
     1>ClCompile:
         C:\Program Files (x86)\Microsoft Visual Studio 11.0\VC\bin\CL.exe /c /ZI /nologo /W3 /WX- /sdl /Od /Oy- /D WIN32 /D _DEBUG /D _CONSOLE /D _CRT_SECURE_NO_WARNINGS /D _UNICODE /D UNICODE /Gm /EHsc /RTC1 /MDd /GS /fp:precise /Zc:wchar_t /Zc:forScope /Fo"Debug\\" /Fd"Debug\vc110.pdb" /Gd /TP /analyze- /errorReport:prompt band\BandAndRange.cpp band\BandAndRangeFun.cpp
         BandAndRangeFun.cpp
     1>c:\users\dell\desktop\quant\hour\bandandrange\bandandtrigger\band\bandandrangefun.cpp(14): warning C4018: “<”: 有符号/无符号不匹配
     1>c:\users\dell\desktop\quant\hour\bandandrange\bandandtrigger\band\bandandrangefun.cpp(19): warning C4018: “>”: 有符号/无符号不匹配
     1>c:\users\dell\desktop\quant\hour\bandandrange\bandandtrigger\band\bandandrangefun.cpp(164): warning C4018: “<”: 有符号/无符号不匹配
     1>c:\users\dell\desktop\quant\hour\bandandrange\bandandtrigger\band\bandandrangefun.cpp(180): warning C4018: “<”: 有符号/无符号不匹配
         BandAndRange.cpp
     1>c:\users\dell\desktop\quant\hour\bandandrange\bandandtrigger\band\bandandrange.cpp(70): warning C4244: “=”: 从“double”转换到“int”，可能丢失数据
         正在生成代码...
     1>c:\users\dell\desktop\quant\hour\bandandrange\bandandtrigger\band\bandandrangefun.cpp(527): warning C4715: “IsTriggerSizeSeriesCloseTime”: 不是所有的控件路径都返回值
       Link:
         C:\Program Files (x86)\Microsoft Visual Studio 11.0\VC\bin\link.exe /ERRORREPORT:PROMPT /OUT:"C:\Users\DELL\Desktop\quant\hour\bandandrange\Debug\bandandtrigger.exe" /INCREMENTAL /NOLOGO kernel32.lib user32.lib gdi32.lib winspool.lib comdlg32.lib advapi32.lib shell32.lib ole32.lib oleaut32.lib uuid.lib odbc32.lib odbccp32.lib /MANIFEST /MANIFESTUAC:"level='asInvoker' uiAccess='false'" /manifest:embed /DEBUG /PDB:"C:\Users\DELL\Desktop\quant\hour\bandandrange\Debug\bandandtrigger.pdb" /SUBSYSTEM:CONSOLE /TLBID:1 /DYNAMICBASE /NXCOMPAT /IMPLIB:"C:\Users\DELL\Desktop\quant\hour\bandandrange\Debug\bandandtrigger.lib" /MACHINE:X86 Debug\BandAndRange.obj
         Debug\BandAndRangeFun.obj
         Debug\BasicFun.obj
         Debug\main.obj
         bandandtrigger.vcxproj -> C:\Users\DELL\Desktop\quant\hour\bandandrange\Debug\bandandtrigger.exe
     1>已完成生成项目“C:\Users\DELL\Desktop\quant\hour\bandandrange\bandandtrigger\bandandtrigger.vcxproj”(Build 个目标)的操作。

生成成功。

已用时间 00:00:03.39
