生成启动时间为 2017/8/23 8:36:29。
     1>项目“C:\Users\Administrator\Desktop\quant\bandandtrigger-fade\bandandtrigger\bandandtrigger.vcxproj”在节点 2 上(Build 个目标)。
     1>ClCompile:
         C:\Program Files (x86)\Microsoft Visual Studio 11.0\VC\bin\CL.exe /c /ZI /nologo /W3 /WX- /sdl /Od /Oy- /D WIN32 /D _DEBUG /D _CONSOLE /D _CRT_SECURE_NO_WARNINGS /D _UNICODE /D UNICODE /Gm /EHsc /RTC1 /MDd /GS /fp:precise /Zc:wchar_t /Zc:forScope /Fo"Debug\\" /Fd"Debug\vc110.pdb" /Gd /TP /analyze- /errorReport:prompt band\BandAndTriggerSizeFade.cpp band\BandAndTriggerSizeFadeFun.cpp basicfun\BasicFun.cpp main.cpp
         main.cpp
     1>c:\users\administrator\desktop\quant\bandandtrigger-fade\bandandtrigger\main.cpp(13): warning C4018: “<”: 有符号/无符号不匹配
         BasicFun.cpp
         BandAndTriggerSizeFadeFun.cpp
     1>c:\users\administrator\desktop\quant\bandandtrigger-fade\bandandtrigger\band\bandandtriggersizefadefun.cpp(199): warning C4018: “<”: 有符号/无符号不匹配
     1>c:\users\administrator\desktop\quant\bandandtrigger-fade\bandandtrigger\band\bandandtriggersizefadefun.cpp(223): warning C4018: “<”: 有符号/无符号不匹配
     1>c:\users\administrator\desktop\quant\bandandtrigger-fade\bandandtrigger\band\bandandtriggersizefadefun.cpp(281): warning C4244: “初始化”: 从“double”转换到“int”，可能丢失数据
     1>c:\users\administrator\desktop\quant\bandandtrigger-fade\bandandtrigger\band\bandandtriggersizefadefun.cpp(281): warning C4018: “<”: 有符号/无符号不匹配
     1>c:\users\administrator\desktop\quant\bandandtrigger-fade\bandandtrigger\band\bandandtriggersizefadefun.cpp(372): warning C4018: “<”: 有符号/无符号不匹配
         BandAndTriggerSizeFade.cpp
     1>c:\users\administrator\desktop\quant\bandandtrigger-fade\bandandtrigger\band\bandandtriggersizefade.cpp(74): warning C4244: “=”: 从“double”转换到“int”，可能丢失数据
         正在生成代码...
       Link:
         C:\Program Files (x86)\Microsoft Visual Studio 11.0\VC\bin\link.exe /ERRORREPORT:PROMPT /OUT:"C:\Users\Administrator\Desktop\quant\bandandtrigger-fade\Debug\bandandtrigger.exe" /INCREMENTAL /NOLOGO kernel32.lib user32.lib gdi32.lib winspool.lib comdlg32.lib advapi32.lib shell32.lib ole32.lib oleaut32.lib uuid.lib odbc32.lib odbccp32.lib /MANIFEST /MANIFESTUAC:"level='asInvoker' uiAccess='false'" /manifest:embed /DEBUG /PDB:"C:\Users\Administrator\Desktop\quant\bandandtrigger-fade\Debug\bandandtrigger.pdb" /SUBSYSTEM:CONSOLE /TLBID:1 /DYNAMICBASE /NXCOMPAT /IMPLIB:"C:\Users\Administrator\Desktop\quant\bandandtrigger-fade\Debug\bandandtrigger.lib" /MACHINE:X86 Debug\BandAndTriggerSizeFade.obj
         Debug\BandAndTriggerSizeFadeFun.obj
         Debug\BasicFun.obj
         Debug\main.obj
         bandandtrigger.vcxproj -> C:\Users\Administrator\Desktop\quant\bandandtrigger-fade\Debug\bandandtrigger.exe
     1>已完成生成项目“C:\Users\Administrator\Desktop\quant\bandandtrigger-fade\bandandtrigger\bandandtrigger.vcxproj”(Build 个目标)的操作。

生成成功。

已用时间 00:00:06.14
