C:\USERS\SXY\DESKTOP\QUANT\BANDANDTRIGGER-SERVER\BANDANDTRIGGER\DEBUG\BANDANDTRIGGERSIZE.OBJ
C:\USERS\SXY\DESKTOP\QUANT\BANDANDTRIGGER-SERVER\BANDANDTRIGGER\DEBUG\BANDANDTRIGGERSIZEFUN.OBJ
C:\USERS\SXY\DESKTOP\QUANT\BANDANDTRIGGER-SERVER\BANDANDTRIGGER\DEBUG\BASICFUN.OBJ
C:\USERS\SXY\DESKTOP\QUANT\BANDANDTRIGGER-SERVER\BANDANDTRIGGER\DEBUG\MAIN.OBJ
C:\USERS\SXY\DESKTOP\QUANT\BANDANDTRIGGER-SERVER\BANDANDTRIGGER\DEBUG\VC110.PDB
C:\USERS\SXY\DESKTOP\QUANT\BANDANDTRIGGER-FEED\BANDANDTRIGGER\DEBUG\BANDANDTRIGGERSIZEFEED.OBJ
C:\USERS\SXY\DESKTOP\QUANT\BANDANDTRIGGER-FEED\BANDANDTRIGGER\DEBUG\BASICFUN.OBJ
C:\USERS\SXY\DESKTOP\QUANT\BANDANDTRIGGER-FEED\BANDANDTRIGGER\DEBUG\MAIN.OBJ
C:\USERS\SXY\DESKTOP\QUANT\BANDANDTRIGGER-FEED\BANDANDTRIGGER\DEBUG\VC110.PDB
C:\USERS\SXY\DESKTOP\QUANT\BANDANDTRIGGER-FEED\BANDANDTRIGGER\DEBUG\BANDANDTRIGGERSIZEFEEDFUN.OBJ
C:\USERS\SXY\DESKTOP\QUANT\BANDANDTRIGGER-FADE\BANDANDTRIGGER\DEBUG\BANDANDTRIGGERSIZEFEED.OBJ
C:\USERS\SXY\DESKTOP\QUANT\BANDANDTRIGGER-FADE\BANDANDTRIGGER\DEBUG\BANDANDTRIGGERSIZEFEEDFUN.OBJ
C:\USERS\SXY\DESKTOP\QUANT\BANDANDTRIGGER-FADE\BANDANDTRIGGER\DEBUG\BASICFUN.OBJ
C:\USERS\SXY\DESKTOP\QUANT\BANDANDTRIGGER-FADE\BANDANDTRIGGER\DEBUG\MAIN.OBJ
C:\USERS\SXY\DESKTOP\QUANT\BANDANDTRIGGER-FADE\BANDANDTRIGGER\DEBUG\VC110.PDB
C:\USERS\SXY\DESKTOP\QUANT\BANDANDTRIGGER-SERVER\DEBUG\BANDANDTRIGGER.ILK
C:\USERS\SXY\DESKTOP\QUANT\BANDANDTRIGGER-SERVER\DEBUG\BANDANDTRIGGER.EXE
C:\USERS\SXY\DESKTOP\QUANT\BANDANDTRIGGER-SERVER\DEBUG\BANDANDTRIGGER.PDB
C:\USERS\SXY\DESKTOP\QUANT\BANDANDTRIGGER-FEED\DEBUG\BANDANDTRIGGER.ILK
C:\USERS\SXY\DESKTOP\QUANT\BANDANDTRIGGER-FEED\DEBUG\BANDANDTRIGGER.EXE
C:\USERS\SXY\DESKTOP\QUANT\BANDANDTRIGGER-FEED\DEBUG\BANDANDTRIGGER.PDB
C:\USERS\SXY\DESKTOP\QUANT\BANDANDTRIGGER-FADE\DEBUG\BANDANDTRIGGER.ILK
C:\USERS\SXY\DESKTOP\QUANT\BANDANDTRIGGER-FADE\DEBUG\BANDANDTRIGGER.EXE
C:\USERS\SXY\DESKTOP\QUANT\BANDANDTRIGGER-FADE\DEBUG\BANDANDTRIGGER.PDB
C:\Users\sxy\Desktop\quant\bandandtrigger-fade\bandandtrigger\Debug\BandAndTriggerSize.obj
C:\Users\sxy\Desktop\quant\bandandtrigger-fade\bandandtrigger\Debug\BandAndTriggerSizeFeed.obj
C:\Users\sxy\Desktop\quant\bandandtrigger-fade\bandandtrigger\Debug\BandAndTriggerSizeFeedFun.obj
C:\Users\sxy\Desktop\quant\bandandtrigger-fade\bandandtrigger\Debug\BandAndTriggerSizeFun.obj
C:\Users\sxy\Desktop\quant\bandandtrigger-fade\bandandtrigger\Debug\BasicFun.obj
C:\Users\sxy\Desktop\quant\bandandtrigger-fade\bandandtrigger\Debug\main.obj
C:\Users\sxy\Desktop\quant\bandandtrigger-fade\bandandtrigger\Debug\cl.command.1.tlog
C:\Users\sxy\Desktop\quant\bandandtrigger-fade\bandandtrigger\Debug\CL.read.1.tlog
C:\Users\sxy\Desktop\quant\bandandtrigger-fade\bandandtrigger\Debug\CL.write.1.tlog
C:\Users\sxy\Desktop\quant\bandandtrigger-fade\bandandtrigger\Debug\link-cvtres.read.1.tlog
C:\Users\sxy\Desktop\quant\bandandtrigger-fade\bandandtrigger\Debug\link-cvtres.write.1.tlog
C:\Users\sxy\Desktop\quant\bandandtrigger-fade\bandandtrigger\Debug\link-rc.read.1.tlog
C:\Users\sxy\Desktop\quant\bandandtrigger-fade\bandandtrigger\Debug\link-rc.write.1.tlog
C:\Users\sxy\Desktop\quant\bandandtrigger-fade\bandandtrigger\Debug\link.1876-cvtres.read.1.tlog
C:\Users\sxy\Desktop\quant\bandandtrigger-fade\bandandtrigger\Debug\link.1876-cvtres.write.1.tlog
C:\Users\sxy\Desktop\quant\bandandtrigger-fade\bandandtrigger\Debug\link.1876-rc.read.1.tlog
C:\Users\sxy\Desktop\quant\bandandtrigger-fade\bandandtrigger\Debug\link.1876-rc.write.1.tlog
C:\Users\sxy\Desktop\quant\bandandtrigger-fade\bandandtrigger\Debug\link.1876.read.1.tlog
C:\Users\sxy\Desktop\quant\bandandtrigger-fade\bandandtrigger\Debug\link.1876.write.1.tlog
C:\Users\sxy\Desktop\quant\bandandtrigger-fade\bandandtrigger\Debug\link.3164-cvtres.read.1.tlog
C:\Users\sxy\Desktop\quant\bandandtrigger-fade\bandandtrigger\Debug\link.3164-cvtres.write.1.tlog
C:\Users\sxy\Desktop\quant\bandandtrigger-fade\bandandtrigger\Debug\link.3164-rc.read.1.tlog
C:\Users\sxy\Desktop\quant\bandandtrigger-fade\bandandtrigger\Debug\link.3164-rc.write.1.tlog
C:\Users\sxy\Desktop\quant\bandandtrigger-fade\bandandtrigger\Debug\link.3164.read.1.tlog
C:\Users\sxy\Desktop\quant\bandandtrigger-fade\bandandtrigger\Debug\link.3164.write.1.tlog
C:\Users\sxy\Desktop\quant\bandandtrigger-fade\bandandtrigger\Debug\link.3340-cvtres.read.1.tlog
C:\Users\sxy\Desktop\quant\bandandtrigger-fade\bandandtrigger\Debug\link.3340-cvtres.write.1.tlog
C:\Users\sxy\Desktop\quant\bandandtrigger-fade\bandandtrigger\Debug\link.3340-rc.read.1.tlog
C:\Users\sxy\Desktop\quant\bandandtrigger-fade\bandandtrigger\Debug\link.3340-rc.write.1.tlog
C:\Users\sxy\Desktop\quant\bandandtrigger-fade\bandandtrigger\Debug\link.3340.read.1.tlog
C:\Users\sxy\Desktop\quant\bandandtrigger-fade\bandandtrigger\Debug\link.3340.write.1.tlog
C:\Users\sxy\Desktop\quant\bandandtrigger-fade\bandandtrigger\Debug\link.4416-cvtres.read.1.tlog
C:\Users\sxy\Desktop\quant\bandandtrigger-fade\bandandtrigger\Debug\link.4416-cvtres.write.1.tlog
C:\Users\sxy\Desktop\quant\bandandtrigger-fade\bandandtrigger\Debug\link.4416-rc.read.1.tlog
C:\Users\sxy\Desktop\quant\bandandtrigger-fade\bandandtrigger\Debug\link.4416-rc.write.1.tlog
C:\Users\sxy\Desktop\quant\bandandtrigger-fade\bandandtrigger\Debug\link.4416.read.1.tlog
C:\Users\sxy\Desktop\quant\bandandtrigger-fade\bandandtrigger\Debug\link.4416.write.1.tlog
C:\Users\sxy\Desktop\quant\bandandtrigger-fade\bandandtrigger\Debug\link.4456-cvtres.read.1.tlog
C:\Users\sxy\Desktop\quant\bandandtrigger-fade\bandandtrigger\Debug\link.4456-cvtres.write.1.tlog
C:\Users\sxy\Desktop\quant\bandandtrigger-fade\bandandtrigger\Debug\link.4456-rc.read.1.tlog
C:\Users\sxy\Desktop\quant\bandandtrigger-fade\bandandtrigger\Debug\link.4456-rc.write.1.tlog
C:\Users\sxy\Desktop\quant\bandandtrigger-fade\bandandtrigger\Debug\link.4456.read.1.tlog
C:\Users\sxy\Desktop\quant\bandandtrigger-fade\bandandtrigger\Debug\link.4456.write.1.tlog
C:\Users\sxy\Desktop\quant\bandandtrigger-fade\bandandtrigger\Debug\link.4484-cvtres.read.1.tlog
C:\Users\sxy\Desktop\quant\bandandtrigger-fade\bandandtrigger\Debug\link.4484-cvtres.write.1.tlog
C:\Users\sxy\Desktop\quant\bandandtrigger-fade\bandandtrigger\Debug\link.4484-rc.read.1.tlog
C:\Users\sxy\Desktop\quant\bandandtrigger-fade\bandandtrigger\Debug\link.4484-rc.write.1.tlog
C:\Users\sxy\Desktop\quant\bandandtrigger-fade\bandandtrigger\Debug\link.4484.read.1.tlog
C:\Users\sxy\Desktop\quant\bandandtrigger-fade\bandandtrigger\Debug\link.4484.write.1.tlog
C:\Users\sxy\Desktop\quant\bandandtrigger-fade\bandandtrigger\Debug\link.4556-cvtres.read.1.tlog
C:\Users\sxy\Desktop\quant\bandandtrigger-fade\bandandtrigger\Debug\link.4556-cvtres.write.1.tlog
C:\Users\sxy\Desktop\quant\bandandtrigger-fade\bandandtrigger\Debug\link.4556-rc.read.1.tlog
C:\Users\sxy\Desktop\quant\bandandtrigger-fade\bandandtrigger\Debug\link.4556-rc.write.1.tlog
C:\Users\sxy\Desktop\quant\bandandtrigger-fade\bandandtrigger\Debug\link.4556.read.1.tlog
C:\Users\sxy\Desktop\quant\bandandtrigger-fade\bandandtrigger\Debug\link.4556.write.1.tlog
C:\Users\sxy\Desktop\quant\bandandtrigger-fade\bandandtrigger\Debug\link.5664-cvtres.read.1.tlog
C:\Users\sxy\Desktop\quant\bandandtrigger-fade\bandandtrigger\Debug\link.5664-cvtres.write.1.tlog
C:\Users\sxy\Desktop\quant\bandandtrigger-fade\bandandtrigger\Debug\link.5664-rc.read.1.tlog
C:\Users\sxy\Desktop\quant\bandandtrigger-fade\bandandtrigger\Debug\link.5664-rc.write.1.tlog
C:\Users\sxy\Desktop\quant\bandandtrigger-fade\bandandtrigger\Debug\link.5664.read.1.tlog
C:\Users\sxy\Desktop\quant\bandandtrigger-fade\bandandtrigger\Debug\link.5664.write.1.tlog
C:\Users\sxy\Desktop\quant\bandandtrigger-fade\bandandtrigger\Debug\link.command.1.tlog
C:\Users\sxy\Desktop\quant\bandandtrigger-fade\bandandtrigger\Debug\link.read.1.tlog
C:\Users\sxy\Desktop\quant\bandandtrigger-fade\bandandtrigger\Debug\link.write.1.tlog
C:\Users\sxy\Desktop\quant\bandandtrigger-fade\bandandtrigger\Debug\vc110.idb
C:\Users\sxy\Desktop\quant\bandandtrigger-fade\bandandtrigger\Debug\vc110.pdb
C:\Users\sxy\Desktop\quant\bandandtrigger-fade\Debug\bandandtrigger.pdb
C:\Users\sxy\Desktop\quant\bandandtrigger-fade\Debug\bandandtrigger.exe
C:\Users\sxy\Desktop\quant\bandandtrigger-fade\Debug\bandandtrigger.ilk
