生成启动时间为 2017/10/15 13:33:05。
项目“C:\Users\sxy\Desktop\quant\bandandtrigger_triggersize_limittime\bandandtrigger\bandandtrigger.vcxproj”在节点 2 上(Build 个目标)。
ClCompile:
  C:\Program Files (x86)\Microsoft Visual Studio 11.0\VC\bin\CL.exe /c /ZI /nologo /W3 /WX- /sdl /Od /Oy- /D WIN32 /D _DEBUG /D _CONSOLE /D _CRT_SECURE_NO_WARNINGS /D _UNICODE /D UNICODE /Gm /EHsc /RTC1 /MDd /GS /fp:precise /Zc:wchar_t /Zc:forScope /Fo"Debug\\" /Fd"Debug\vc110.pdb" /Gd /TP /analyze- /errorReport:prompt band\BandAndTriggerSizeLimitTimeFun.cpp
  BandAndTriggerSizeLimitTimeFun.cpp
c:\users\sxy\desktop\quant\bandandtrigger_triggersize_limittime\bandandtrigger\band\bandandtriggersizelimittimefun.cpp(170): warning C4244: “参数”: 从“double”转换到“int”，可能丢失数据
c:\users\sxy\desktop\quant\bandandtrigger_triggersize_limittime\bandandtrigger\band\bandandtriggersizelimittimefun.cpp(174): warning C4244: “参数”: 从“double”转换到“int”，可能丢失数据
c:\users\sxy\desktop\quant\bandandtrigger_triggersize_limittime\bandandtrigger\band\bandandtriggersizelimittimefun.cpp(191): warning C4244: “参数”: 从“double”转换到“int”，可能丢失数据
c:\users\sxy\desktop\quant\bandandtrigger_triggersize_limittime\bandandtrigger\band\bandandtriggersizelimittimefun.cpp(195): warning C4244: “参数”: 从“double”转换到“int”，可能丢失数据
c:\users\sxy\desktop\quant\bandandtrigger_triggersize_limittime\bandandtrigger\band\bandandtriggersizelimittimefun.cpp(347): warning C4018: “<”: 有符号/无符号不匹配
c:\users\sxy\desktop\quant\bandandtrigger_triggersize_limittime\bandandtrigger\band\bandandtriggersizelimittimefun.cpp(371): warning C4018: “<”: 有符号/无符号不匹配
c:\users\sxy\desktop\quant\bandandtrigger_triggersize_limittime\bandandtrigger\band\bandandtriggersizelimittimefun.cpp(429): warning C4244: “初始化”: 从“double”转换到“int”，可能丢失数据
c:\users\sxy\desktop\quant\bandandtrigger_triggersize_limittime\bandandtrigger\band\bandandtriggersizelimittimefun.cpp(429): warning C4018: “<”: 有符号/无符号不匹配
c:\users\sxy\desktop\quant\bandandtrigger_triggersize_limittime\bandandtrigger\band\bandandtriggersizelimittimefun.cpp(522): warning C4018: “<”: 有符号/无符号不匹配
Link:
  C:\Program Files (x86)\Microsoft Visual Studio 11.0\VC\bin\link.exe /ERRORREPORT:PROMPT /OUT:"C:\Users\sxy\Desktop\quant\bandandtrigger_triggersize_limittime\Debug\bandandtrigger.exe" /INCREMENTAL /NOLOGO kernel32.lib user32.lib gdi32.lib winspool.lib comdlg32.lib advapi32.lib shell32.lib ole32.lib oleaut32.lib uuid.lib odbc32.lib odbccp32.lib /MANIFEST /MANIFESTUAC:"level='asInvoker' uiAccess='false'" /manifest:embed /DEBUG /PDB:"C:\Users\sxy\Desktop\quant\bandandtrigger_triggersize_limittime\Debug\bandandtrigger.pdb" /SUBSYSTEM:CONSOLE /TLBID:1 /DYNAMICBASE /NXCOMPAT /IMPLIB:"C:\Users\sxy\Desktop\quant\bandandtrigger_triggersize_limittime\Debug\bandandtrigger.lib" /MACHINE:X86 Debug\BandAndTriggerSize.obj
  Debug\BandAndTriggerSizeLimitTimeFun.obj
  Debug\BasicFun.obj
  Debug\main.obj
  bandandtrigger.vcxproj -> C:\Users\sxy\Desktop\quant\bandandtrigger_triggersize_limittime\Debug\bandandtrigger.exe
已完成生成项目“C:\Users\sxy\Desktop\quant\bandandtrigger_triggersize_limittime\bandandtrigger\bandandtrigger.vcxproj”(Build 个目标)的操作。

生成成功。

已用时间 00:00:00.56
